<?xml version="1.0" encoding="UTF-8"?>
<!-- Generated by org.testng.reporters.JUnitReportReporter -->
<testsuite skipped="0" hostname="LAPTOP-7RS9FQA9" name="com.testcases.TC_LoginTest_01" tests="1" failures="0" timestamp="28 Jan 2022 13:26:21 GMT" time="2.412" errors="0">
  <testcase name="loginTest" time="2.412" classname="com.testcases.TC_LoginTest_01"/>
</testsuite> <!-- com.testcases.TC_LoginTest_01 -->
